#
# There is insufficient memory for the Java Runtime Environment to continue.
# Native memory allocation (mmap) failed to map 102760448 bytes for G1 virtual space
# Possible reasons:
#   The system is out of physical RAM or swap space
#   The process is running with CompressedOops enabled, and the Java Heap may be blocking the growth of the native heap
# Possible solutions:
#   Reduce memory load on the system
#   Increase physical memory or swap space
#   Check if swap backing store is full
#   Decrease Java heap size (-Xmx/-Xms)
#   Decrease number of Java threads
#   Decrease Java thread stack sizes (-Xss)
#   Set larger code cache with -XX:ReservedCodeCacheSize=
#   JVM is running with Zero Based Compressed Oops mode in which the Java heap is
#     placed in the first 32GB address space. The Java Heap base address is the
#     maximum limit for the native heap growth. Please use -XX:HeapBaseMinAddress
#     to set the Java Heap base and to place the Java Heap above 32GB virtual address.
# This output file may be truncated or incomplete.
#
#  Out of Memory Error (os_windows.cpp:3532), pid=11596, tid=22556
#
# JRE version: Java(TM) SE Runtime Environment (17.0.2+8) (build 17.0.2+8-LTS-86)
# Java VM: Java HotSpot(TM) 64-Bit Server VM (17.0.2+8-LTS-86, mixed mode, emulated-client, sharing, tiered, compressed oops, compressed class ptrs, g1 gc, windows-amd64)
# No core dump will be written. Minidumps are not enabled by default on client versions of Windows
#

---------------  S U M M A R Y ------------

Command Line: -XX:TieredStopAtLevel=1 -Xverify:none -Dspring.output.ansi.enabled=always -Dcom.sun.management.jmxremote -Dspring.jmx.enabled=true -Dspring.liveBeansView.mbeanDomain -Dspring.application.admin.enabled=true -javaagent:C:\Program Files\JetBrains\IntelliJ IDEA 2022.1.3\lib\idea_rt.jar=60135:C:\Program Files\JetBrains\IntelliJ IDEA 2022.1.3\bin -Dfile.encoding=UTF-8 com.example.demo.DemoApplication

Host: Intel(R) Core(TM) i7-8700K CPU @ 3.70GHz, 12 cores, 15G,  Windows 10 , 64 bit Build 19041 (10.0.19041.1806)
Time: Sun Jul 17 17:49:14 2022 E. Europe Daylight Time elapsed time: 3.107317 seconds (0d 0h 0m 3s)

---------------  T H R E A D  ---------------

Current thread (0x000002e2730dfd90):  VMThread "VM Thread" [stack: 0x000000fae0c00000,0x000000fae0d00000] [id=22556]

Stack: [0x000000fae0c00000,0x000000fae0d00000]
Native frames: (J=compiled Java code, j=interpreted, Vv=VM code, C=native code)
V  [jvm.dll+0x670baa]
V  [jvm.dll+0x7cfcb4]
V  [jvm.dll+0x7d145e]
V  [jvm.dll+0x7d1ac3]
V  [jvm.dll+0x242bc5]
V  [jvm.dll+0x66dac9]
V  [jvm.dll+0x662412]
V  [jvm.dll+0x300c0b]
V  [jvm.dll+0x3081a6]
V  [jvm.dll+0x357d0e]
V  [jvm.dll+0x357f3f]
V  [jvm.dll+0x2d7ec8]
V  [jvm.dll+0x2d6194]
V  [jvm.dll+0x2d579c]
V  [jvm.dll+0x3190eb]
V  [jvm.dll+0x7d5f9b]
V  [jvm.dll+0x7d6cd4]
V  [jvm.dll+0x7d71ec]
V  [jvm.dll+0x7d75c4]
V  [jvm.dll+0x7d7690]
V  [jvm.dll+0x77ff7a]
V  [jvm.dll+0x66fa35]
C  [ucrtbase.dll+0x21bb2]
C  [KERNEL32.DLL+0x17034]
C  [ntdll.dll+0x52651]

VM_Operation (0x000000fae06fc780): G1CollectForAllocation, mode: safepoint, requested by thread 0x000002e25c15b1d0


---------------  P R O C E S S  ---------------

Threads class SMR info:
_java_thread_list=0x000002e276049360, length=24, elements={
0x000002e25c15b1d0, 0x000002e2730e5df0, 0x000002e2730e9410, 0x000002e2730fa8b0,
0x000002e2730fd530, 0x000002e2730fdee0, 0x000002e2730ff030, 0x000002e273103a60,
0x000002e273107950, 0x000002e2730d0de0, 0x000002e273cda050, 0x000002e273cde570,
0x000002e273ce0a90, 0x000002e274039760, 0x000002e274039c30, 0x000002e2741b2b80,
0x000002e2759faf70, 0x000002e275a7e9f0, 0x000002e275d1c120, 0x000002e275de9540,
0x000002e275debbc0, 0x000002e275de9a10, 0x000002e275de8200, 0x000002e275de86d0
}

Java Threads: ( => current thread )
  0x000002e25c15b1d0 JavaThread "main" [_thread_blocked, id=26308, stack(0x000000fae0600000,0x000000fae0700000)]
  0x000002e2730e5df0 JavaThread "Reference Handler" daemon [_thread_blocked, id=5096, stack(0x000000fae0d00000,0x000000fae0e00000)]
  0x000002e2730e9410 JavaThread "Finalizer" daemon [_thread_blocked, id=9712, stack(0x000000fae0e00000,0x000000fae0f00000)]
  0x000002e2730fa8b0 JavaThread "Signal Dispatcher" daemon [_thread_blocked, id=16632, stack(0x000000fae0f00000,0x000000fae1000000)]
  0x000002e2730fd530 JavaThread "Attach Listener" daemon [_thread_blocked, id=17368, stack(0x000000fae1000000,0x000000fae1100000)]
  0x000002e2730fdee0 JavaThread "Service Thread" daemon [_thread_blocked, id=10616, stack(0x000000fae1100000,0x000000fae1200000)]
  0x000002e2730ff030 JavaThread "Monitor Deflation Thread" daemon [_thread_blocked, id=25968, stack(0x000000fae1200000,0x000000fae1300000)]
  0x000002e273103a60 JavaThread "C1 CompilerThread0" daemon [_thread_blocked, id=1160, stack(0x000000fae1300000,0x000000fae1400000)]
  0x000002e273107950 JavaThread "Sweeper thread" daemon [_thread_blocked, id=12196, stack(0x000000fae1400000,0x000000fae1500000)]
  0x000002e2730d0de0 JavaThread "Common-Cleaner" daemon [_thread_blocked, id=25248, stack(0x000000fae1500000,0x000000fae1600000)]
  0x000002e273cda050 JavaThread "C1 CompilerThread1" daemon [_thread_blocked, id=14316, stack(0x000000fae1600000,0x000000fae1700000)]
  0x000002e273cde570 JavaThread "C1 CompilerThread2" daemon [_thread_blocked, id=9836, stack(0x000000fae1700000,0x000000fae1800000)]
  0x000002e273ce0a90 JavaThread "C1 CompilerThread3" daemon [_thread_blocked, id=22864, stack(0x000000fae1800000,0x000000fae1900000)]
  0x000002e274039760 JavaThread "Monitor Ctrl-Break" daemon [_thread_in_native, id=13908, stack(0x000000fae1900000,0x000000fae1a00000)]
  0x000002e274039c30 JavaThread "Notification Thread" daemon [_thread_blocked, id=4364, stack(0x000000fae1a00000,0x000000fae1b00000)]
  0x000002e2741b2b80 JavaThread "RMI TCP Accept-0" daemon [_thread_in_native, id=1704, stack(0x000000fae1b00000,0x000000fae1c00000)]
  0x000002e2759faf70 JavaThread "RMI TCP Connection(2)-192.168.56.1" daemon [_thread_in_native, id=11424, stack(0x000000fae2500000,0x000000fae2600000)]
  0x000002e275a7e9f0 JavaThread "RMI Scheduler(0)" daemon [_thread_blocked, id=23436, stack(0x000000fae2800000,0x000000fae2900000)]
  0x000002e275d1c120 JavaThread "RMI TCP Connection(3)-192.168.56.1" daemon [_thread_in_native, id=14508, stack(0x000000fae2b00000,0x000000fae2c00000)]
  0x000002e275de9540 JavaThread "HikariPool-1 housekeeper" daemon [_thread_blocked, id=932, stack(0x000000fae2c00000,0x000000fae2d00000)]
  0x000002e275debbc0 JavaThread "HikariPool-1 connection adder" daemon [_thread_blocked, id=4488, stack(0x000000fae2d00000,0x000000fae2e00000)]
  0x000002e275de9a10 JavaThread "Catalina-utility-1" [_thread_blocked, id=25296, stack(0x000000fae2e00000,0x000000fae2f00000)]
  0x000002e275de8200 JavaThread "Catalina-utility-2" [_thread_blocked, id=18024, stack(0x000000fae2f00000,0x000000fae3000000)]
  0x000002e275de86d0 JavaThread "container-0" [_thread_blocked, id=16192, stack(0x000000fae3000000,0x000000fae3100000)]

Other Threads:
=>0x000002e2730dfd90 VMThread "VM Thread" [stack: 0x000000fae0c00000,0x000000fae0d00000] [id=22556]
  0x000002e25c15c180 WatcherThread [stack: 0x000000fae1c00000,0x000000fae1d00000] [id=26592]
  0x000002e25c1aada0 GCTaskThread "GC Thread#0" [stack: 0x000000fae0700000,0x000000fae0800000] [id=13412]
  0x000002e2744ab030 GCTaskThread "GC Thread#1" [stack: 0x000000fae1d00000,0x000000fae1e00000] [id=24328]
  0x000002e2744ab2e0 GCTaskThread "GC Thread#2" [stack: 0x000000fae1e00000,0x000000fae1f00000] [id=2464]
  0x000002e2744ab590 GCTaskThread "GC Thread#3" [stack: 0x000000fae1f00000,0x000000fae2000000] [id=1120]
  0x000002e2744ab840 GCTaskThread "GC Thread#4" [stack: 0x000000fae2000000,0x000000fae2100000] [id=10708]
  0x000002e2744b01d0 GCTaskThread "GC Thread#5" [stack: 0x000000fae2100000,0x000000fae2200000] [id=14372]
  0x000002e2744f9eb0 GCTaskThread "GC Thread#6" [stack: 0x000000fae2200000,0x000000fae2300000] [id=3028]
  0x000002e2744fa160 GCTaskThread "GC Thread#7" [stack: 0x000000fae2300000,0x000000fae2400000] [id=10284]
  0x000002e274728020 GCTaskThread "GC Thread#8" [stack: 0x000000fae2600000,0x000000fae2700000] [id=26508]
  0x000002e2747a8f90 GCTaskThread "GC Thread#9" [stack: 0x000000fae2700000,0x000000fae2800000] [id=5056]
  0x000002e25c1bbbf0 ConcurrentGCThread "G1 Main Marker" [stack: 0x000000fae0800000,0x000000fae0900000] [id=9636]
  0x000002e25c1bcda0 ConcurrentGCThread "G1 Conc#0" [stack: 0x000000fae0900000,0x000000fae0a00000] [id=26456]
  0x000002e275ccdac0 ConcurrentGCThread "G1 Conc#1" [stack: 0x000000fae2900000,0x000000fae2a00000] [id=12896]
  0x000002e275ccfd90 ConcurrentGCThread "G1 Conc#2" [stack: 0x000000fae2a00000,0x000000fae2b00000] [id=22608]
  0x000002e25c22e290 ConcurrentGCThread "G1 Refine#0" [stack: 0x000000fae0a00000,0x000000fae0b00000] [id=16284]
  0x000002e2744e1ba0 ConcurrentGCThread "G1 Refine#1" [stack: 0x000000fae2400000,0x000000fae2500000] [id=3880]
  0x000002e25c22ecb0 ConcurrentGCThread "G1 Service" [stack: 0x000000fae0b00000,0x000000fae0c00000] [id=23936]

Threads with active compile tasks:

VM state: at safepoint (normal execution)

VM Mutex/Monitor currently owned by a thread:  ([mutex/lock_event])
[0x000002e25c1581c0] Threads_lock - owner thread: 0x000002e2730dfd90
[0x000002e25c158640] Heap_lock - owner thread: 0x000002e25c15b1d0

Heap address: 0x0000000700e00000, size: 4082 MB, Compressed Oops mode: Zero based, Oop shift amount: 3

CDS archive(s) mapped at: [0x0000000800000000-0x0000000800bc0000-0x0000000800bc0000), size 12320768, SharedBaseAddress: 0x0000000800000000, ArchiveRelocationMode: 0.
Compressed class space mapped at: 0x0000000800c00000-0x0000000840c00000, reserved size: 1073741824
Narrow klass base: 0x0000000800000000, Narrow klass shift: 0, Narrow klass range: 0x100000000

GC Precious Log:
 CPUs: 12 total, 12 available
 Memory: 16321M
 Large Page Support: Disabled
 NUMA Support: Disabled
 Compressed Oops: Enabled (Zero based)
 Heap Region Size: 2M
 Heap Min Capacity: 8M
 Heap Initial Capacity: 256M
 Heap Max Capacity: 4082M
 Pre-touch: Disabled
 Parallel Workers: 10
 Concurrent Workers: 3
 Concurrent Refinement Workers: 10
 Periodic GC: Disabled

Heap:
 garbage-first heap   total 61440K, used 17197K [0x0000000700e00000, 0x0000000800000000)
  region size 2048K, 1 young (2048K), 1 survivors (2048K)
 Metaspace       used 33034K, committed 33408K, reserved 1081344K
  class space    used 4450K, committed 4608K, reserved 1048576K

Heap Regions: E=young(eden), S=young(survivor), O=old, HS=humongous(starts), HC=humongous(continues), CS=collection set, F=free, OA=open archive, CA=closed archive, TAMS=top-at-mark-start (previous, next)
|   0|0x0000000700e00000, 0x0000000701000000, 0x0000000701000000|100%| O|  |TAMS 0x0000000701000000, 0x0000000700e00000| Untracked 
|   1|0x0000000701000000, 0x0000000701200000, 0x0000000701200000|100%| O|  |TAMS 0x0000000701200000, 0x0000000701000000| Untracked 
|   2|0x0000000701200000, 0x0000000701400000, 0x0000000701400000|100%| O|  |TAMS 0x0000000701400000, 0x0000000701200000| Untracked 
|   3|0x0000000701400000, 0x0000000701400000, 0x0000000701600000|  0%| F|  |TAMS 0x0000000701400000, 0x0000000701400000| Untracked 
|   4|0x0000000701600000, 0x0000000701800000, 0x0000000701800000|100%| O|  |TAMS 0x0000000701600000, 0x0000000701600000| Untracked 
|   5|0x0000000701800000, 0x0000000701800000, 0x0000000701a00000|  0%| F|  |TAMS 0x0000000701800000, 0x0000000701800000| Untracked 
|   6|0x0000000701a00000, 0x0000000701a00000, 0x0000000701c00000|  0%| F|  |TAMS 0x0000000701a00000, 0x0000000701a00000| Untracked 
|   7|0x0000000701c00000, 0x0000000701c00000, 0x0000000701e00000|  0%| F|  |TAMS 0x0000000701c00000, 0x0000000701c00000| Untracked 
|   8|0x0000000701e00000, 0x0000000701e00000, 0x0000000702000000|  0%| F|  |TAMS 0x0000000701e00000, 0x0000000701e00000| Untracked 
|   9|0x0000000702000000, 0x0000000702000000, 0x0000000702200000|  0%| F|  |TAMS 0x0000000702000000, 0x0000000702000000| Untracked 
|  10|0x0000000702200000, 0x0000000702400000, 0x0000000702400000|100%| O|  |TAMS 0x0000000702200000, 0x0000000702200000| Untracked 
|  11|0x0000000702400000, 0x0000000702600000, 0x0000000702600000|100%| O|  |TAMS 0x0000000702400000, 0x0000000702400000| Untracked 
|  12|0x0000000702600000, 0x0000000702800000, 0x0000000702800000|100%| O|  |TAMS 0x0000000702600000, 0x0000000702600000| Untracked 
|  13|0x0000000702800000, 0x0000000702955000, 0x0000000702a00000| 66%| O|  |TAMS 0x0000000702800000, 0x0000000702800000| Untracked 
|  14|0x0000000702a00000, 0x0000000702a00000, 0x0000000702c00000|  0%| F|  |TAMS 0x0000000702a00000, 0x0000000702a00000| Untracked 
|  15|0x0000000702c00000, 0x0000000702c00000, 0x0000000702e00000|  0%| F|  |TAMS 0x0000000702c00000, 0x0000000702c00000| Untracked 
|  16|0x0000000702e00000, 0x0000000702f766c0, 0x0000000703000000| 73%| S|CS|TAMS 0x0000000702e00000, 0x0000000702e00000| Complete 
|  17|0x0000000703000000, 0x0000000703000000, 0x0000000703200000|  0%| F|  |TAMS 0x0000000703000000, 0x0000000703000000| Untracked 
|  18|0x0000000703200000, 0x0000000703200000, 0x0000000703400000|  0%| F|  |TAMS 0x0000000703200000, 0x0000000703200000| Untracked 
|  19|0x0000000703400000, 0x0000000703400000, 0x0000000703600000|  0%| F|  |TAMS 0x0000000703400000, 0x0000000703400000| Untracked 
|  20|0x0000000703600000, 0x0000000703600000, 0x0000000703800000|  0%| F|  |TAMS 0x0000000703600000, 0x0000000703600000| Untracked 
|  21|0x0000000703800000, 0x0000000703800000, 0x0000000703a00000|  0%| F|  |TAMS 0x0000000703800000, 0x0000000703800000| Untracked 
|  22|0x0000000703a00000, 0x0000000703a00000, 0x0000000703c00000|  0%| F|  |TAMS 0x0000000703a00000, 0x0000000703a00000| Untracked 
|  23|0x0000000703c00000, 0x0000000703c00000, 0x0000000703e00000|  0%| F|  |TAMS 0x0000000703c00000, 0x0000000703c00000| Untracked 
|  24|0x0000000703e00000, 0x0000000703e00000, 0x0000000704000000|  0%| F|  |TAMS 0x0000000703e00000, 0x0000000703e00000| Untracked 
|  93|0x000000070c800000, 0x000000070c800000, 0x000000070ca00000|  0%| F|  |TAMS 0x000000070c800000, 0x000000070c800000| Untracked 
|  94|0x000000070ca00000, 0x000000070ca00000, 0x000000070cc00000|  0%| F|  |TAMS 0x000000070ca00000, 0x000000070ca00000| Untracked 
|  95|0x000000070cc00000, 0x000000070cc00000, 0x000000070ce00000|  0%| F|  |TAMS 0x000000070cc00000, 0x000000070cc00000| Untracked 
|  96|0x000000070ce00000, 0x000000070ce00000, 0x000000070d000000|  0%| F|  |TAMS 0x000000070ce00000, 0x000000070ce00000| Untracked 
| 127|0x0000000710c00000, 0x0000000710c00000, 0x0000000710e00000|  0%| F|  |TAMS 0x0000000710c00000, 0x0000000710c00000| Untracked 

Card table byte_map: [0x000002e2674e0000,0x000002e267ce0000] _byte_map_base: 0x000002e263cd9000

Marking Bits (Prev, Next): (CMBitMap*) 0x000002e25c1ab3f0, (CMBitMap*) 0x000002e25c1ab3b0
 Prev Bits: [0x000002e26c4b0000, 0x000002e270478000)
 Next Bits: [0x000002e2684e0000, 0x000002e26c4a8000)

Polling page: 0x000002e259f30000

Metaspace:

Usage:
  Non-class:     27.91 MB used.
      Class:      4.35 MB used.
       Both:     32.26 MB used.

Virtual space:
  Non-class space:       32.00 MB reserved,      28.12 MB ( 88%) committed,  4 nodes.
      Class space:        1.00 GB reserved,       4.50 MB ( <1%) committed,  1 nodes.
             Both:        1.03 GB reserved,      32.62 MB (  3%) committed. 

Chunk freelists:
   Non-Class:  3.05 MB
       Class:  3.34 MB
        Both:  6.39 MB

MaxMetaspaceSize: unlimited
CompressedClassSpaceSize: 1.00 GB
Initial GC threshold: 21.00 MB
Current GC threshold: 35.25 MB
CDS: on
MetaspaceReclaimPolicy: balanced
 - commit_granule_bytes: 65536.
 - commit_granule_words: 8192.
 - virtual_space_node_default_size: 1048576.
 - enlarge_chunks_in_place: 1.
 - new_chunks_are_fully_committed: 0.
 - uncommit_free_chunks: 1.
 - use_allocation_guard: 0.
 - handle_deallocations: 1.


Internal statistics:

num_allocs_failed_limit: 3.
num_arena_births: 410.
num_arena_deaths: 0.
num_vsnodes_births: 5.
num_vsnodes_deaths: 0.
num_space_committed: 522.
num_space_uncommitted: 0.
num_chunks_returned_to_freelist: 3.
num_chunks_taken_from_freelist: 1595.
num_chunk_merges: 3.
num_chunk_splits: 1093.
num_chunks_enlarged: 807.
num_purges: 0.
num_inconsistent_stats: 0.

CodeCache: size=49152Kb used=8473Kb max_used=8473Kb free=40678Kb
 bounds [0x000002e2639b0000, 0x000002e264200000, 0x000002e2669b0000]
 total_blobs=4117 nmethods=3563 adapters=478
 compilation: enabled
              stopped_count=0, restarted_count=0
 full_count=0

Compilation events (20 events):
Event: 2.998 Thread 0x000002e273ce0a90 3555       1       org.h2.value.VersionedValue::<init> (5 bytes)
Event: 2.999 Thread 0x000002e273103a60 3556       1       org.h2.engine.DbObjectBase::getDatabase (5 bytes)
Event: 2.999 Thread 0x000002e273cda050 3557       1       org.h2.value.Value::<init> (5 bytes)
Event: 2.999 Thread 0x000002e273cda050 nmethod 3557 0x000002e2641f0610 code [0x000002e2641f07a0, 0x000002e2641f0858]
Event: 2.999 Thread 0x000002e273ce0a90 nmethod 3555 0x000002e2641f0910 code [0x000002e2641f0aa0, 0x000002e2641f0b58]
Event: 2.999 Thread 0x000002e273103a60 nmethod 3556 0x000002e2641f0c10 code [0x000002e2641f0da0, 0x000002e2641f0e78]
Event: 2.999 Thread 0x000002e273103a60 3558       1       org.h2.value.ValueString::getValueType (3 bytes)
Event: 2.999 Thread 0x000002e273103a60 nmethod 3558 0x000002e2641f0f10 code [0x000002e2641f10a0, 0x000002e2641f1178]
Event: 3.001 Thread 0x000002e273103a60 3559       1       org.h2.value.TypeInfo::getExtTypeInfo (5 bytes)
Event: 3.001 Thread 0x000002e273103a60 nmethod 3559 0x000002e2641f1210 code [0x000002e2641f13a0, 0x000002e2641f1478]
Event: 3.007 Thread 0x000002e273103a60 3560       1       java.nio.MappedByteBuffer::limit (8 bytes)
Event: 3.007 Thread 0x000002e273103a60 nmethod 3560 0x000002e2641f1510 code [0x000002e2641f16a0, 0x000002e2641f1788]
Event: 3.040 Thread 0x000002e273103a60 3561       1       org.hibernate.boot.registry.classloading.internal.AggregatedClassLoader::access$000 (5 bytes)
Event: 3.040 Thread 0x000002e273103a60 nmethod 3561 0x000002e2641f2b10 code [0x000002e2641f2ca0, 0x000002e2641f2d58]
Event: 3.063 Thread 0x000002e273103a60 3562   !   1       java.lang.Class::newInstance (134 bytes)
Event: 3.063 Thread 0x000002e273cda050 3563       1       jdk.internal.reflect.ReflectionFactory::newInstance (13 bytes)
Event: 3.063 Thread 0x000002e273ce0a90 3564       1       java.lang.reflect.ReflectAccess::newInstance (8 bytes)
Event: 3.063 Thread 0x000002e273ce0a90 nmethod 3564 0x000002e2641f4990 code [0x000002e2641f4b20, 0x000002e2641f4c08]
Event: 3.063 Thread 0x000002e273cda050 nmethod 3563 0x000002e2641f4c90 code [0x000002e2641f4e20, 0x000002e2641f4f68]
Event: 3.064 Thread 0x000002e273103a60 nmethod 3562 0x000002e2641f5090 code [0x000002e2641f5380, 0x000002e2641f5ea8]

GC Heap History (11 events):
Event: 0.584 GC heap before
{Heap before GC invocations=0 (full 0):
 garbage-first heap   total 262144K, used 22528K [0x0000000700e00000, 0x0000000800000000)
  region size 2048K, 11 young (22528K), 0 survivors (0K)
 Metaspace       used 7088K, committed 7296K, reserved 1056768K
  class space    used 874K, committed 960K, reserved 1048576K
}
Event: 0.588 GC heap after
{Heap after GC invocations=1 (full 0):
 garbage-first heap   total 262144K, used 6563K [0x0000000700e00000, 0x0000000800000000)
  region size 2048K, 2 young (4096K), 2 survivors (4096K)
 Metaspace       used 7088K, committed 7296K, reserved 1056768K
  class space    used 874K, committed 960K, reserved 1048576K
}
Event: 0.865 GC heap before
{Heap before GC invocations=1 (full 0):
 garbage-first heap   total 262144K, used 29091K [0x0000000700e00000, 0x0000000800000000)
  region size 2048K, 14 young (28672K), 2 survivors (4096K)
 Metaspace       used 12585K, committed 12864K, reserved 1064960K
  class space    used 1651K, committed 1792K, reserved 1048576K
}
Event: 0.869 GC heap after
{Heap after GC invocations=2 (full 0):
 garbage-first heap   total 262144K, used 8782K [0x0000000700e00000, 0x0000000800000000)
  region size 2048K, 1 young (2048K), 1 survivors (2048K)
 Metaspace       used 12585K, committed 12864K, reserved 1064960K
  class space    used 1651K, committed 1792K, reserved 1048576K
}
Event: 1.535 GC heap before
{Heap before GC invocations=2 (full 0):
 garbage-first heap   total 262144K, used 68174K [0x0000000700e00000, 0x0000000800000000)
  region size 2048K, 31 young (63488K), 1 survivors (2048K)
 Metaspace       used 21211K, committed 21504K, reserved 1073152K
  class space    used 2944K, committed 3072K, reserved 1048576K
}
Event: 1.539 GC heap after
{Heap after GC invocations=3 (full 0):
 garbage-first heap   total 262144K, used 13382K [0x0000000700e00000, 0x0000000800000000)
  region size 2048K, 4 young (8192K), 4 survivors (8192K)
 Metaspace       used 21211K, committed 21504K, reserved 1073152K
  class space    used 2944K, committed 3072K, reserved 1048576K
}
Event: 2.172 GC heap before
{Heap before GC invocations=4 (full 0):
 garbage-first heap   total 61440K, used 44102K [0x0000000700e00000, 0x0000000800000000)
  region size 2048K, 20 young (40960K), 4 survivors (8192K)
 Metaspace       used 26525K, committed 26880K, reserved 1073152K
  class space    used 3501K, committed 3648K, reserved 1048576K
}
Event: 2.182 GC heap after
{Heap after GC invocations=5 (full 0):
 garbage-first heap   total 61440K, used 16328K [0x0000000700e00000, 0x0000000800000000)
  region size 2048K, 5 young (10240K), 5 survivors (10240K)
 Metaspace       used 26525K, committed 26880K, reserved 1073152K
  class space    used 3501K, committed 3648K, reserved 1048576K
}
Event: 2.298 GC heap before
{Heap before GC invocations=5 (full 0):
 garbage-first heap   total 61440K, used 18376K [0x0000000700e00000, 0x0000000800000000)
  region size 2048K, 6 young (12288K), 5 survivors (10240K)
 Metaspace       used 27125K, committed 27456K, reserved 1081344K
  class space    used 3595K, committed 3776K, reserved 1048576K
}
Event: 2.307 GC heap after
{Heap after GC invocations=6 (full 0):
 garbage-first heap   total 61440K, used 17167K [0x0000000700e00000, 0x0000000800000000)
  region size 2048K, 1 young (2048K), 1 survivors (2048K)
 Metaspace       used 27125K, committed 27456K, reserved 1081344K
  class space    used 3595K, committed 3776K, reserved 1048576K
}
Event: 3.065 GC heap before
{Heap before GC invocations=6 (full 0):
 garbage-first heap   total 61440K, used 41743K [0x0000000700e00000, 0x0000000800000000)
  region size 2048K, 13 young (26624K), 1 survivors (2048K)
 Metaspace       used 33034K, committed 33408K, reserved 1081344K
  class space    used 4450K, committed 4608K, reserved 1048576K
}

Deoptimization events (14 events):
Event: 0.512 Thread 0x000002e25c15b1d0 DEOPT PACKING pc=0x000002e263d10101 sp=0x000000fae06fd780
Event: 0.512 Thread 0x000002e25c15b1d0 DEOPT UNPACKING pc=0x000002e263a02b43 sp=0x000000fae06fcbd8 mode 3
Event: 0.837 Thread 0x000002e25c15b1d0 DEOPT PACKING pc=0x000002e263f20579 sp=0x000000fae06fd190
Event: 0.837 Thread 0x000002e25c15b1d0 DEOPT UNPACKING pc=0x000002e263a02b43 sp=0x000000fae06fc670 mode 3
Event: 1.256 Thread 0x000002e25c15b1d0 DEOPT PACKING pc=0x000002e263f587d4 sp=0x000000fae06fd660
Event: 1.256 Thread 0x000002e25c15b1d0 DEOPT UNPACKING pc=0x000002e263a02b43 sp=0x000000fae06fcbb8 mode 0
Event: 1.358 Thread 0x000002e25c15b1d0 DEOPT PACKING pc=0x000002e2640e5681 sp=0x000000fae06fcc70
Event: 1.358 Thread 0x000002e25c15b1d0 DEOPT UNPACKING pc=0x000002e263a02b43 sp=0x000000fae06fc0e0 mode 3
Event: 1.896 Thread 0x000002e25c15b1d0 DEOPT PACKING pc=0x000002e263f4af89 sp=0x000000fae06fbdc0
Event: 1.896 Thread 0x000002e25c15b1d0 DEOPT UNPACKING pc=0x000002e263a02b43 sp=0x000000fae06fb250 mode 3
Event: 1.896 Thread 0x000002e275de9540 DEOPT PACKING pc=0x000002e263f0aa9f sp=0x000000fae2cfeca0
Event: 1.896 Thread 0x000002e275de9540 DEOPT UNPACKING pc=0x000002e263a02b43 sp=0x000000fae2cfe0f8 mode 3
Event: 2.008 Thread 0x000002e25c15b1d0 DEOPT PACKING pc=0x000002e2641c3865 sp=0x000000fae06fc5c0
Event: 2.008 Thread 0x000002e25c15b1d0 DEOPT UNPACKING pc=0x000002e263a02b43 sp=0x000000fae06fbb28 mode 3

Classes unloaded (0 events):
No events

Classes redefined (0 events):
No events

Internal exceptions (20 events):
Event: 1.430 Thread 0x000002e25c15b1d0 Exception <a 'java/lang/ClassNotFoundException'{0x000000070d9c8018}: org/springframework/transaction/annotation/AbstractTransactionManagementConfigurationCustomizer> (0x000000070d9c8018) 
thrown [t:\workspace\open\src\hotspot\share\classfile\systemDictionary.cpp, line 256]
Event: 1.430 Thread 0x000002e25c15b1d0 Exception <a 'java/lang/ClassNotFoundException'{0x000000070d9cfa08}: org/springframework/transaction/annotation/ProxyTransactionManagementConfigurationCustomizer> (0x000000070d9cfa08) 
thrown [t:\workspace\open\src\hotspot\share\classfile\systemDictionary.cpp, line 256]
Event: 1.430 Thread 0x000002e25c15b1d0 Exception <a 'java/lang/ClassNotFoundException'{0x000000070d9d8358}: org/springframework/context/annotation/ImportAwareCustomizer> (0x000000070d9d8358) 
thrown [t:\workspace\open\src\hotspot\share\classfile\systemDictionary.cpp, line 256]
Event: 1.431 Thread 0x000002e25c15b1d0 Exception <a 'java/lang/ClassNotFoundException'{0x000000070d9ddcc8}: org/springframework/beans/factory/AwareCustomizer> (0x000000070d9ddcc8) 
thrown [t:\workspace\open\src\hotspot\share\classfile\systemDictionary.cpp, line 256]
Event: 1.454 Thread 0x000002e25c15b1d0 Exception <a 'java/lang/NoSuchMethodError'{0x000000070d791188}: 'java.lang.Object java.lang.invoke.DirectMethodHandle$Holder.invokeSpecialIFC(java.lang.Object, java.lang.Object, java.lang.Object)'> (0x000000070d791188) 
thrown [t:\workspace\open\src\hotspot\share\interpreter\linkResolver.cpp, line 766]
Event: 1.477 Thread 0x000002e25c15b1d0 Exception <a 'java/lang/NoSuchMethodError'{0x000000070d4b9748}: 'int java.lang.invoke.DirectMethodHandle$Holder.invokeSpecial(java.lang.Object, java.lang.Object, java.lang.Object, java.lang.Object, java.lang.Object)'> (0x000000070d4b9748) 
thrown [t:\workspace\open\src\hotspot\share\interpreter\linkResolver.cpp, line 766]
Event: 1.501 Thread 0x000002e25c15b1d0 Exception <a 'java/lang/NoSuchMethodError'{0x000000070d285470}: 'java.lang.Object java.lang.invoke.DirectMethodHandle$Holder.invokeStatic(java.lang.Object, java.lang.Object, int)'> (0x000000070d285470) 
thrown [t:\workspace\open\src\hotspot\share\interpreter\linkResolver.cpp, line 766]
Event: 1.501 Thread 0x000002e25c15b1d0 Exception <a 'java/lang/NoSuchMethodError'{0x000000070d290d90}: 'void java.lang.invoke.DelegatingMethodHandle$Holder.delegate(java.lang.Object, java.lang.Object, int, java.lang.Object)'> (0x000000070d290d90) 
thrown [t:\workspace\open\src\hotspot\share\interpreter\linkResolver.cpp, line 766]
Event: 1.515 Thread 0x000002e25c15b1d0 Exception <a 'java/lang/NoSuchMethodError'{0x000000070d392940}: 'void java.lang.invoke.DirectMethodHandle$Holder.invokeInterface(java.lang.Object, java.lang.Object, int)'> (0x000000070d392940) 
thrown [t:\workspace\open\src\hotspot\share\interpreter\linkResolver.cpp, line 766]
Event: 1.517 Thread 0x000002e25c15b1d0 Exception <a 'java/lang/NoSuchMethodError'{0x000000070d3aca28}: 'int java.lang.invoke.DirectMethodHandle$Holder.invokeVirtual(java.lang.Object, java.lang.Object)'> (0x000000070d3aca28) 
thrown [t:\workspace\open\src\hotspot\share\interpreter\linkResolver.cpp, line 766]
Event: 1.518 Thread 0x000002e25c15b1d0 Exception <a 'java/lang/IncompatibleClassChangeError'{0x000000070d3e60a8}: Found class java.lang.Object, but interface was expected> (0x000000070d3e60a8) 
thrown [t:\workspace\open\src\hotspot\share\interpreter\linkResolver.cpp, line 833]
Event: 1.519 Thread 0x000002e25c15b1d0 Exception <a 'java/lang/NoSuchMethodError'{0x000000070d3eb500}: 'void java.lang.invoke.DirectMethodHandle$Holder.invokeStatic(java.lang.Object, int, java.lang.Object)'> (0x000000070d3eb500) 
thrown [t:\workspace\open\src\hotspot\share\interpreter\linkResolver.cpp, line 766]
Event: 1.521 Thread 0x000002e25c15b1d0 Exception <a 'java/lang/NoSuchMethodError'{0x000000070d01a388}: 'int java.lang.invoke.DirectMethodHandle$Holder.invokeSpecial(java.lang.Object, java.lang.Object, int)'> (0x000000070d01a388) 
thrown [t:\workspace\open\src\hotspot\share\interpreter\linkResolver.cpp, line 766]
Event: 1.685 Thread 0x000002e25c15b1d0 Exception <a 'java/io/FileNotFoundException'{0x000000070351b238}> (0x000000070351b238) 
thrown [t:\workspace\open\src\hotspot\share\prims\jni.cpp, line 516]
Event: 1.722 Thread 0x000002e25c15b1d0 Exception <a 'java/lang/NoSuchMethodError'{0x0000000703290d20}: 'int java.lang.invoke.DirectMethodHandle$Holder.invokeInterface(java.lang.Object, java.lang.Object, java.lang.Object, java.lang.Object)'> (0x0000000703290d20) 
thrown [t:\workspace\open\src\hotspot\share\interpreter\linkResolver.cpp, line 766]
Event: 1.809 Thread 0x000002e275d1c120 Exception <a 'java/lang/reflect/InvocationTargetException'{0x0000000702a11ab0}> (0x0000000702a11ab0) 
thrown [t:\workspace\open\src\hotspot\share\runtime\reflection.cpp, line 1121]
Event: 1.916 Thread 0x000002e25c15b1d0 Exception <a 'java/lang/NoSuchMethodError'{0x0000000702689b80}: 'java.lang.Object java.lang.invoke.DirectMethodHandle$Holder.invokeStaticInit(java.lang.Object, java.lang.Object, java.lang.Object, java.lang.Object)'> (0x0000000702689b80) 
thrown [t:\workspace\open\src\hotspot\share\interpreter\linkResolver.cpp, line 766]
Event: 2.018 Thread 0x000002e25c15b1d0 Exception <a 'java/io/FileNotFoundException'{0x00000007024e0d68}> (0x00000007024e0d68) 
thrown [t:\workspace\open\src\hotspot\share\prims\jni.cpp, line 516]
Event: 2.433 Thread 0x000002e275d1c120 Exception <a 'java/lang/reflect/InvocationTargetException'{0x000000070cc09618}> (0x000000070cc09618) 
thrown [t:\workspace\open\src\hotspot\share\runtime\reflection.cpp, line 1121]
Event: 2.948 Thread 0x000002e275d1c120 Exception <a 'java/lang/reflect/InvocationTargetException'{0x00000007034f6d78}> (0x00000007034f6d78) 
thrown [t:\workspace\open\src\hotspot\share\runtime\reflection.cpp, line 1121]

VM Operations (20 events):
Event: 1.653 Executing VM operation: HandshakeAllThreads done
Event: 1.663 Executing VM operation: HandshakeAllThreads
Event: 1.663 Executing VM operation: HandshakeAllThreads done
Event: 1.815 Executing VM operation: HandshakeAllThreads
Event: 1.815 Executing VM operation: HandshakeAllThreads done
Event: 1.832 Executing VM operation: HandshakeAllThreads
Event: 1.832 Executing VM operation: HandshakeAllThreads done
Event: 1.980 Executing VM operation: HandshakeAllThreads
Event: 1.980 Executing VM operation: HandshakeAllThreads done
Event: 1.980 Executing VM operation: HandshakeAllThreads
Event: 1.980 Executing VM operation: HandshakeAllThreads done
Event: 2.021 Executing VM operation: HandshakeAllThreads
Event: 2.021 Executing VM operation: HandshakeAllThreads done
Event: 2.172 Executing VM operation: G1CollectForAllocation
Event: 2.182 Executing VM operation: G1CollectForAllocation done
Event: 2.298 Executing VM operation: G1CollectForAllocation
Event: 2.307 Executing VM operation: G1CollectForAllocation done
Event: 2.482 Executing VM operation: HandshakeAllThreads
Event: 2.482 Executing VM operation: HandshakeAllThreads done
Event: 3.065 Executing VM operation: G1CollectForAllocation

Events (20 events):
Event: 2.514 loading class java/lang/Process
Event: 2.514 loading class java/lang/Process done
Event: 2.553 loading class java/io/Console
Event: 2.553 loading class java/io/Console done
Event: 2.736 loading class java/util/UUID$Holder
Event: 2.736 loading class java/util/UUID$Holder done
Event: 2.909 loading class javax/xml/stream/XMLEventFactory
Event: 2.909 loading class javax/xml/stream/XMLEventFactory done
Event: 2.909 loading class javax/xml/stream/FactoryFinder
Event: 2.910 loading class javax/xml/stream/FactoryFinder done
Event: 2.911 loading class javax/xml/stream/FactoryFinder$1
Event: 2.911 loading class javax/xml/stream/FactoryFinder$1 done
Event: 2.912 loading class com/sun/xml/internal/stream/events/XMLEventFactoryImpl
Event: 2.912 loading class com/sun/xml/internal/stream/events/XMLEventFactoryImpl done
Event: 2.944 Thread 0x000002e275deb6f0 Thread added: 0x000002e275deb6f0
Event: 2.946 loading class javax/naming/event/NamespaceChangeListener
Event: 2.946 loading class javax/naming/event/NamingListener
Event: 2.946 loading class javax/naming/event/NamingListener done
Event: 2.946 loading class javax/naming/event/NamespaceChangeListener done
Event: 2.950 Thread 0x000002e275deb6f0 Thread exited: 0x000002e275deb6f0


Dynamic libraries:
0x00007ff79bb70000 - 0x00007ff79bb80000 	C:\Program Files\Java\jdk-17.0.2\bin\java.exe
0x00007ffa5c590000 - 0x00007ffa5c788000 	C:\Windows\SYSTEM32\ntdll.dll
0x00007ffa5bb40000 - 0x00007ffa5bbfd000 	C:\Windows\System32\KERNEL32.DLL
0x00007ffa59cb0000 - 0x00007ffa59f7e000 	C:\Windows\System32\KERNELBASE.dll
0x00007ffa5a4f0000 - 0x00007ffa5a5f0000 	C:\Windows\System32\ucrtbase.dll
0x00007ffa36d90000 - 0x00007ffa36da8000 	C:\Program Files\Java\jdk-17.0.2\bin\jli.dll
0x00007ffa33d10000 - 0x00007ffa33d2a000 	C:\Program Files\Java\jdk-17.0.2\bin\VCRUNTIME140.dll
0x00007ffa5b5a0000 - 0x00007ffa5b64e000 	C:\Windows\System32\ADVAPI32.dll
0x00007ffa5c330000 - 0x00007ffa5c3ce000 	C:\Windows\System32\msvcrt.dll
0x00007ffa5baa0000 - 0x00007ffa5bb3c000 	C:\Windows\System32\sechost.dll
0x00007ffa5aa70000 - 0x00007ffa5ab95000 	C:\Windows\System32\RPCRT4.dll
0x00007ffa5b820000 - 0x00007ffa5b9c0000 	C:\Windows\System32\USER32.dll
0x00007ffa419e0000 - 0x00007ffa41c7a000 	C:\Windows\WinSxS\amd64_microsoft.windows.common-controls_6595b64144ccf1df_6.0.19041.1110_none_60b5254171f9507e\COMCTL32.dll
0x00007ffa5a320000 - 0x00007ffa5a342000 	C:\Windows\System32\win32u.dll
0x00007ffa5b750000 - 0x00007ffa5b77a000 	C:\Windows\System32\GDI32.dll
0x00007ffa5a350000 - 0x00007ffa5a45b000 	C:\Windows\System32\gdi32full.dll
0x00007ffa5a280000 - 0x00007ffa5a31d000 	C:\Windows\System32\msvcp_win.dll
0x00007ffa51200000 - 0x00007ffa5120a000 	C:\Windows\SYSTEM32\VERSION.dll
0x00007ffa5b720000 - 0x00007ffa5b750000 	C:\Windows\System32\IMM32.DLL
0x00007ffa4b200000 - 0x00007ffa4b20c000 	C:\Program Files\Java\jdk-17.0.2\bin\vcruntime140_1.dll
0x00007ffa26b20000 - 0x00007ffa26bad000 	C:\Program Files\Java\jdk-17.0.2\bin\msvcp140.dll
0x00007ff9bde60000 - 0x00007ff9bea21000 	C:\Program Files\Java\jdk-17.0.2\bin\server\jvm.dll
0x00007ffa5bee0000 - 0x00007ffa5bee8000 	C:\Windows\System32\PSAPI.DLL
0x00007ffa3d120000 - 0x00007ffa3d129000 	C:\Windows\SYSTEM32\WSOCK32.dll
0x00007ffa4e610000 - 0x00007ffa4e637000 	C:\Windows\SYSTEM32\WINMM.dll
0x00007ffa5c3d0000 - 0x00007ffa5c43b000 	C:\Windows\System32\WS2_32.dll
0x00007ffa57b80000 - 0x00007ffa57b92000 	C:\Windows\SYSTEM32\kernel.appcore.dll
0x00007ffa4aee0000 - 0x00007ffa4aeea000 	C:\Program Files\Java\jdk-17.0.2\bin\jimage.dll
0x00007ffa43080000 - 0x00007ffa43264000 	C:\Windows\SYSTEM32\DBGHELP.DLL
0x00007ffa42d90000 - 0x00007ffa42dbc000 	C:\Windows\SYSTEM32\dbgcore.DLL
0x00007ffa5a460000 - 0x00007ffa5a4e2000 	C:\Windows\System32\bcryptPrimitives.dll
0x00007ffa555a0000 - 0x00007ffa555ae000 	C:\Program Files\Java\jdk-17.0.2\bin\instrument.dll
0x00007ffa32760000 - 0x00007ffa32785000 	C:\Program Files\Java\jdk-17.0.2\bin\java.dll
0x00007ffa26450000 - 0x00007ffa26526000 	C:\Program Files\Java\jdk-17.0.2\bin\jsvml.dll
0x00007ffa5ac70000 - 0x00007ffa5b3b4000 	C:\Windows\System32\SHELL32.dll
0x00007ffa57d40000 - 0x00007ffa584d4000 	C:\Windows\SYSTEM32\windows.storage.dll
0x00007ffa5bef0000 - 0x00007ffa5c244000 	C:\Windows\System32\combase.dll
0x00007ffa59630000 - 0x00007ffa59660000 	C:\Windows\SYSTEM32\Wldp.dll
0x00007ffa5c440000 - 0x00007ffa5c4ed000 	C:\Windows\System32\SHCORE.dll
0x00007ffa5b420000 - 0x00007ffa5b475000 	C:\Windows\System32\shlwapi.dll
0x00007ffa59bf0000 - 0x00007ffa59c0f000 	C:\Windows\SYSTEM32\profapi.dll
0x00007ffa32680000 - 0x00007ffa32698000 	C:\Program Files\Java\jdk-17.0.2\bin\zip.dll
0x00007ffa32740000 - 0x00007ffa32759000 	C:\Program Files\Java\jdk-17.0.2\bin\net.dll
0x00007ffa51af0000 - 0x00007ffa51bfa000 	C:\Windows\SYSTEM32\WINHTTP.dll
0x00007ffa59410000 - 0x00007ffa5947a000 	C:\Windows\system32\mswsock.dll
0x00007ffa326a0000 - 0x00007ffa326b6000 	C:\Program Files\Java\jdk-17.0.2\bin\nio.dll
0x00007ffa54620000 - 0x00007ffa5463a000 	C:\Program Files\JetBrains\IntelliJ IDEA 2022.1.3\bin\breakgen64.dll
0x00007ffa59110000 - 0x00007ffa591db000 	C:\Windows\SYSTEM32\DNSAPI.dll
0x00007ffa590d0000 - 0x00007ffa5910b000 	C:\Windows\SYSTEM32\IPHLPAPI.DLL
0x00007ffa5a5f0000 - 0x00007ffa5a5f8000 	C:\Windows\System32\NSI.dll
0x00000000691e0000 - 0x00000000691eb000 	C:\Program Files\National Instruments\Shared\mDNS Responder\nimdnsNSP.dll
0x00000000691c0000 - 0x00000000691d1000 	C:\Windows\SYSTEM32\nimdnsResponder.dll
0x00007ffa51c30000 - 0x00007ffa51c3a000 	C:\Windows\System32\rasadhlp.dll
0x00007ffa4e4a0000 - 0x00007ffa4e520000 	C:\Windows\System32\fwpuclnt.dll
0x00007ffa5a250000 - 0x00007ffa5a277000 	C:\Windows\System32\bcrypt.dll
0x00007ffa55590000 - 0x00007ffa55599000 	C:\Program Files\Java\jdk-17.0.2\bin\management.dll
0x00007ffa55570000 - 0x00007ffa5557b000 	C:\Program Files\Java\jdk-17.0.2\bin\management_ext.dll
0x00007ffa59970000 - 0x00007ffa59988000 	C:\Windows\SYSTEM32\CRYPTSP.dll
0x00007ffa58d40000 - 0x00007ffa58d74000 	C:\Windows\system32\rsaenh.dll
0x00007ffa59b70000 - 0x00007ffa59b9e000 	C:\Windows\SYSTEM32\USERENV.dll
0x00007ffa595a0000 - 0x00007ffa595ac000 	C:\Windows\SYSTEM32\CRYPTBASE.dll
0x00007ffa51070000 - 0x00007ffa51087000 	C:\Windows\SYSTEM32\dhcpcsvc6.DLL
0x00007ffa510e0000 - 0x00007ffa510fd000 	C:\Windows\SYSTEM32\dhcpcsvc.DLL
0x00007ffa3b1b0000 - 0x00007ffa3b1c7000 	C:\Windows\system32\napinsp.dll
0x00007ffa3b210000 - 0x00007ffa3b22b000 	C:\Windows\system32\pnrpnsp.dll
0x00007ffa54b00000 - 0x00007ffa54b15000 	C:\Windows\system32\wshbth.dll
0x00007ffa55a70000 - 0x00007ffa55a8d000 	C:\Windows\system32\NLAapi.dll
0x00007ffa3b240000 - 0x00007ffa3b252000 	C:\Windows\System32\winrnr.dll
0x00007ffa54610000 - 0x00007ffa5461e000 	C:\Program Files\Java\jdk-17.0.2\bin\sunmscapi.dll
0x00007ffa5a080000 - 0x00007ffa5a1d6000 	C:\Windows\System32\CRYPT32.dll
0x00007ffa596a0000 - 0x00007ffa596c7000 	C:\Windows\SYSTEM32\ncrypt.dll
0x00007ffa59660000 - 0x00007ffa5969b000 	C:\Windows\SYSTEM32\NTASN1.dll

dbghelp: loaded successfully - version: 4.0.5 - missing functions: none
symbol engine: initialized successfully - sym options: 0x614 - pdb path: .;C:\Program Files\Java\jdk-17.0.2\bin;C:\Windows\SYSTEM32;C:\Windows\WinSxS\amd64_microsoft.windows.common-controls_6595b64144ccf1df_6.0.19041.1110_none_60b5254171f9507e;C:\Program Files\Java\jdk-17.0.2\bin\server;C:\Program Files\JetBrains\IntelliJ IDEA 2022.1.3\bin;C:\Program Files\National Instruments\Shared\mDNS Responder

VM Arguments:
jvm_args: -XX:TieredStopAtLevel=1 -Xverify:none -Dspring.output.ansi.enabled=always -Dcom.sun.management.jmxremote -Dspring.jmx.enabled=true -Dspring.liveBeansView.mbeanDomain -Dspring.application.admin.enabled=true -javaagent:C:\Program Files\JetBrains\IntelliJ IDEA 2022.1.3\lib\idea_rt.jar=60135:C:\Program Files\JetBrains\IntelliJ IDEA 2022.1.3\bin -Dfile.encoding=UTF-8 
java_command: com.example.demo.DemoApplication
java_class_path (initial): C:\Users\Neo\Desktop\demo\target\classes;C:\Users\Neo\.m2\repository\org\springframework\boot\spring-boot-starter-web\2.6.9\spring-boot-starter-web-2.6.9.jar;C:\Users\Neo\.m2\repository\org\springframework\boot\spring-boot-starter\2.6.9\spring-boot-starter-2.6.9.jar;C:\Users\Neo\.m2\repository\org\springframework\boot\spring-boot\2.6.9\spring-boot-2.6.9.jar;C:\Users\Neo\.m2\repository\org\springframework\boot\spring-boot-autoconfigure\2.6.9\spring-boot-autoconfigure-2.6.9.jar;C:\Users\Neo\.m2\repository\org\springframework\boot\spring-boot-starter-logging\2.6.9\spring-boot-starter-logging-2.6.9.jar;C:\Users\Neo\.m2\repository\ch\qos\logback\logback-classic\1.2.11\logback-classic-1.2.11.jar;C:\Users\Neo\.m2\repository\ch\qos\logback\logback-core\1.2.11\logback-core-1.2.11.jar;C:\Users\Neo\.m2\repository\org\apache\logging\log4j\log4j-to-slf4j\2.17.2\log4j-to-slf4j-2.17.2.jar;C:\Users\Neo\.m2\repository\org\apache\logging\log4j\log4j-api\2.17.2\log4j-api-2.17.2.jar;C:\Users\Neo\.m2\repository\org\slf4j\jul-to-slf4j\1.7.36\jul-to-slf4j-1.7.36.jar;C:\Users\Neo\.m2\repository\jakarta\annotation\jakarta.annotation-api\1.3.5\jakarta.annotation-api-1.3.5.jar;C:\Users\Neo\.m2\repository\org\yaml\snakeyaml\1.29\snakeyaml-1.29.jar;C:\Users\Neo\.m2\repository\org\springframework\boot\spring-boot-starter-json\2.6.9\spring-boot-starter-json-2.6.9.jar;C:\Users\Neo\.m2\repository\com\fasterxml\jackson\core\jackson-databind\2.13.3\jackson-databind-2.13.3.jar;C:\Users\Neo\.m2\repository\com\fasterxml\jackson\core\jackson-annotations\2.13.3\jackson-annotations-2.13.3.jar;C:\Users\Neo\.m2\repository\com\fasterxml\jackson\core\jackson-core\2.13.3\jackson-core-2.13.3.jar;C:\Users\Neo\.m2\repository\com\fasterxml\jackson\datatype\jackson-datatype-jdk8\2.13.3\jackson-datatype-jdk8-2.13.3.jar;C:\Users\Neo\.m2\repository\com\fasterxml\jackson\datatype\jackson-datatype-jsr310\2.13.3\jackson-datatype-jsr310-2.13.3.jar;C:\Users\Neo\.m2\repository\com\fasterxml\jacks
Launcher Type: SUN_STANDARD

[Global flags]
     intx CICompilerCount                          = 4                                         {product} {ergonomic}
     uint ConcGCThreads                            = 3                                         {product} {ergonomic}
     uint G1ConcRefinementThreads                  = 10                                        {product} {ergonomic}
   size_t G1HeapRegionSize                         = 2097152                                   {product} {ergonomic}
    uintx GCDrainStackTargetSize                   = 64                                        {product} {ergonomic}
   size_t InitialHeapSize                          = 268435456                                 {product} {ergonomic}
     bool ManagementServer                         = true                                      {product} {command line}
   size_t MarkStackSize                            = 4194304                                   {product} {ergonomic}
   size_t MaxHeapSize                              = 4280287232                                {product} {ergonomic}
   size_t MaxNewSize                               = 2566914048                                {product} {ergonomic}
   size_t MinHeapDeltaBytes                        = 2097152                                   {product} {ergonomic}
   size_t MinHeapSize                              = 8388608                                   {product} {ergonomic}
    uintx NonProfiledCodeHeapSize                  = 0                                      {pd product} {ergonomic}
     bool ProfileInterpreter                       = false                                  {pd product} {command line}
    uintx ProfiledCodeHeapSize                     = 0                                      {pd product} {ergonomic}
   size_t SoftMaxHeapSize                          = 4280287232                             {manageable} {ergonomic}
     intx TieredStopAtLevel                        = 1                                         {product} {command line}
     bool UseCompressedClassPointers               = true                           {product lp64_product} {ergonomic}
     bool UseCompressedOops                        = true                           {product lp64_product} {ergonomic}
     bool UseG1GC                                  = true                                      {product} {ergonomic}
     bool UseLargePagesIndividualAllocation        = false                                  {pd product} {ergonomic}

Logging:
Log output configuration:
 #0: stdout all=warning uptime,level,tags
 #1: stderr all=off uptime,level,tags

Environment Variables:
PATH=C:\Program Files\Common Files\Oracle\Java\javapath;C:\Program Files (x86)\Common Files\Oracle\Java\javapath;C:\Windows\system32;C:\Windows;C:\Windows\System32\Wbem;C:\Windows\System32\WindowsPowerShell\v1.0\;C:\Windows\System32\OpenSSH\;C:\Program Files\PuTTY\;C:\Program Files (x86)\IVI Foundation\VISA\WinNT\Bin\;C:\Program Files\IVI Foundation\VISA\Win64\Bin\;C:\Program Files (x86)\National Instruments\Shared\LabVIEW CLI;C:\Program Files (x86)\IVI Foundation\VISA\WinNT\Bin;C:\Program Files\Git\cmd;C:\Users\Neo\AppData\Local\Microsoft\WindowsApps;C:\Program Files\Bandizip\;C:\Users\Neo\AppData\Local\atom\bin;C:\Users\Neo\AppData\Local\Programs\Rancher Desktop\resources\resources\win32\bin;C:\Users\Neo\AppData\Local\Programs\Rancher Desktop\resources\resources\linux\bin;C:\docker;C:\Program Files\Docker\Docker\resources\bin;C:\ProgramData\DockerDesktop\version-bin;C:\Program Files\Microsoft\Web Platform Installer\;C:\Users\Neo\AppData\Local\Programs\Python\Python310\Scripts\;C:\Users\Neo\AppData\Local\Programs\Python\Python310\;C:\Users\Neo\AppData\Local\Microsoft\WindowsApps;C:\Program Files\Bandizip\;C:\Users\Neo\AppData\Local\atom\bin;C:\Users\Neo\AppData\Local\Programs\Microsoft VS Code\bin
USERNAME=Neo
OS=Windows_NT
PROCESSOR_IDENTIFIER=Intel64 Family 6 Model 158 Stepping 10, GenuineIntel



---------------  S Y S T E M  ---------------

OS:
 Windows 10 , 64 bit Build 19041 (10.0.19041.1806)
OS uptime: 0 days 9:14 hours
Hyper-V role detected

CPU: total 12 (initial active 12) (6 cores per cpu, 2 threads per core) family 6 model 158 stepping 10 microcode 0xca, cx8, cmov, fxsr, ht, mmx, 3dnowpref, sse, sse2, sse3, ssse3, sse4.1, sse4.2, popcnt, lzcnt, tsc, tscinvbit, avx, avx2, aes, erms, clmul, bmi1, bmi2, rtm, adx, fma, vzeroupper, clflush, clflushopt, hv

Memory: 4k page, system-wide physical 16321M (5507M free)
TotalPageFile size 18369M (AvailPageFile size 67M)
current process WorkingSet (physical memory assigned to process): 151M, peak: 151M
current process commit charge ("private bytes"): 199M, peak: 385M

vm_info: Java HotSpot(TM) 64-Bit Server VM (17.0.2+8-LTS-86) for windows-amd64 JRE (17.0.2+8-LTS-86), built on Dec  7 2021 21:51:03 by "mach5one" with MS VC++ 16.8 / 16.9 (VS2019)

END.
